<?xml version="1.0" encoding="UTF-8"?>
<testng-results skipped="0" failed="0" total="1" passed="1">
  <reporter-output>
  </reporter-output>
  <suite name="Test Suite" duration-ms="91" started-at="2021-06-13T16:24:46Z" finished-at="2021-06-13T16:24:46Z">
    <groups>
    </groups>
    <test name="Test Cases" duration-ms="91" started-at="2021-06-13T16:24:46Z" finished-at="2021-06-13T16:24:46Z">
      <class name="testNG.Parametersexample">
        <test-method status="PASS" signature="givingname(java.lang.String)[pri:0, instance:testNG.Parametersexample@4b952a2d]" name="givingname" duration-ms="27" started-at="2021-06-13T21:54:46Z" finished-at="2021-06-13T21:54:46Z">
          <params>
            <param index="0">
              <value>
                <![CDATA[DUCK]]>
              </value>
            </param>
          </params>
          <reporter-output>
          </reporter-output>
        </test-method> <!-- givingname -->
      </class> <!-- testNG.Parametersexample -->
    </test> <!-- Test Cases -->
  </suite> <!-- Test Suite -->
</testng-results>
